2020-11-20 15:27:41.052 [background-preinit] INFO  o.h.validator.internal.util.Version - HV000001: Hibernate Validator 6.1.5.Final
2020-11-20 15:27:41.869 [background-preinit] WARN  o.s.h.c.j.Jackson2ObjectMapperBuilder - For Jackson Kotlin classes support please add "com.fasterxml.jackson.module:jackson-module-kotlin" to the classpath
2020-11-20 15:27:42.461 [main] INFO  com.soft1851.files.Application - The following profiles are active: dev
2020-11-20 15:27:43.908 [main] INFO  o.s.d.r.c.RepositoryConfigurationDelegate - Multiple Spring Data modules found, entering strict repository configuration mode!
2020-11-20 15:27:43.911 [main] INFO  o.s.d.r.c.RepositoryConfigurationDelegate - Bootstrapping Spring Data Redis repositories in DEFAULT mode.
2020-11-20 15:27:43.949 [main] INFO  o.s.d.r.c.RepositoryConfigurationDelegate - Finished Spring Data repository scanning in 15ms. Found 0 Redis repository interfaces.
2020-11-20 15:27:44.338 [main] INFO  o.s.cloud.context.scope.GenericScope - BeanFactory id=9f5bb500-774f-31a5-b8ca-dd1fa246791a
2020-11-20 15:27:44.902 [main] INFO  o.s.b.w.e.tomcat.TomcatWebServer - Tomcat initialized with port(s): 8004 (http)
2020-11-20 15:27:44.915 [main] INFO  o.a.coyote.http11.Http11NioProtocol - Initializing ProtocolHandler ["http-nio-8004"]
2020-11-20 15:27:44.915 [main] INFO  o.a.catalina.core.StandardService - Starting service [Tomcat]
2020-11-20 15:27:44.915 [main] INFO  o.a.catalina.core.StandardEngine - Starting Servlet engine: [Apache Tomcat/9.0.38]
2020-11-20 15:27:45.103 [main] INFO  o.a.c.c.C.[Tomcat].[localhost].[/] - Initializing Spring embedded WebApplicationContext
2020-11-20 15:27:45.104 [main] INFO  o.s.b.w.s.c.ServletWebServerApplicationContext - Root WebApplicationContext: initialization completed in 2613 ms
2020-11-20 15:27:46.539 [main] WARN  c.n.c.sources.URLConfigurationSource - No URLs will be polled as dynamic configuration sources.
2020-11-20 15:27:46.539 [main] INFO  c.n.c.sources.URLConfigurationSource - To enable URLs as dynamic configuration sources, define System property archaius.configurationSource.additionalUrls or make config.properties available on classpath.
2020-11-20 15:27:46.544 [main] WARN  c.n.c.sources.URLConfigurationSource - No URLs will be polled as dynamic configuration sources.
2020-11-20 15:27:46.545 [main] INFO  c.n.c.sources.URLConfigurationSource - To enable URLs as dynamic configuration sources, define System property archaius.configurationSource.additionalUrls or make config.properties available on classpath.
2020-11-20 15:27:46.727 [main] INFO  o.s.s.c.ThreadPoolTaskExecutor - Initializing ExecutorService 'applicationTaskExecutor'
2020-11-20 15:27:47.757 [main] INFO  o.a.coyote.http11.Http11NioProtocol - Starting ProtocolHandler ["http-nio-8004"]
2020-11-20 15:27:47.779 [main] INFO  o.s.b.w.e.tomcat.TomcatWebServer - Tomcat started on port(s): 8004 (http) with context path ''
2020-11-20 15:27:48.256 [main] INFO  s.d.s.w.p.DocumentationPluginsBootstrapper - Context refreshed
2020-11-20 15:27:48.276 [main] INFO  s.d.s.w.p.DocumentationPluginsBootstrapper - Found 1 custom documentation plugin(s)
2020-11-20 15:27:48.286 [main] INFO  s.d.s.w.s.ApiListingReferenceScanner - Scanning for api listing references
2020-11-20 15:27:48.534 [main] INFO  com.soft1851.files.Application - Started Application in 8.803 seconds (JVM running for 10.221)
2020-11-20 15:29:00.337 [http-nio-8004-exec-1] INFO  o.a.c.c.C.[Tomcat].[localhost].[/] - Initializing Spring DispatcherServlet 'dispatcherServlet'
2020-11-20 15:29:00.337 [http-nio-8004-exec-1] INFO  o.s.web.servlet.DispatcherServlet - Initializing Servlet 'dispatcherServlet'
2020-11-20 15:29:00.345 [http-nio-8004-exec-1] INFO  o.s.web.servlet.DispatcherServlet - Completed initialization in 8 ms
2020-11-20 15:29:16.864 [http-nio-8004-exec-4] INFO  c.s.api.aspect.ServiceLogAspect - ==== 开始执行 class com.soft1851.files.service.impl.UploadServiceImpl.uploadFdfs====
2020-11-20 15:29:17.170 [http-nio-8004-exec-4] INFO  c.s.api.aspect.ServiceLogAspect - 当前执行耗时：306
2020-11-20 15:29:17.170 [http-nio-8004-exec-4] INFO  c.s.f.c.FileUploadController - path = group1/M00/00/00/eBmVnF-3cE2AHe1RAAAZ8ldav-g748.jpg
2020-11-20 15:29:17.170 [http-nio-8004-exec-4] INFO  c.s.f.c.FileUploadController - http://120.25.149.156:8888/group1/M00/00/00/eBmVnF-3cE2AHe1RAAAZ8ldav-g748.jpg
2020-11-20 15:35:45.370 [http-nio-8004-exec-2] INFO  c.s.api.aspect.ServiceLogAspect - ==== 开始执行 class com.soft1851.files.service.impl.UploadServiceImpl.uploadFdfs====
2020-11-20 15:35:45.713 [http-nio-8004-exec-2] INFO  c.s.api.aspect.ServiceLogAspect - 当前执行耗时：342
2020-11-20 15:35:45.713 [http-nio-8004-exec-2] INFO  c.s.f.c.FileUploadController - path = group1/M00/00/00/eBmVnF-3cdGAMi8XAAV8pULw3d8927.png
2020-11-20 15:35:45.713 [http-nio-8004-exec-2] INFO  c.s.f.c.FileUploadController - http://120.25.149.156:8888/group1/M00/00/00/eBmVnF-3cdGAMi8XAAV8pULw3d8927.png
2020-11-20 15:39:17.583 [http-nio-8004-exec-5] INFO  c.s.api.aspect.ServiceLogAspect - ==== 开始执行 class com.soft1851.files.service.impl.UploadServiceImpl.uploadFdfs====
2020-11-20 15:39:17.754 [http-nio-8004-exec-5] INFO  c.s.api.aspect.ServiceLogAspect - 当前执行耗时：171
2020-11-20 15:39:17.754 [http-nio-8004-exec-5] INFO  c.s.f.c.FileUploadController - path = group1/M00/00/00/eBmVnF-3cqWAQPNNAAa0wJh7kSU830.png
2020-11-20 15:39:17.754 [http-nio-8004-exec-5] INFO  c.s.f.c.FileUploadController - http://120.25.149.156:8888/group1/M00/00/00/eBmVnF-3cqWAQPNNAAa0wJh7kSU830.png
