2020-11-21 17:13:28.506 [background-preinit] INFO  o.h.validator.internal.util.Version - HV000001: Hibernate Validator 6.1.5.Final
2020-11-21 17:13:30.171 [background-preinit] WARN  o.s.h.c.j.Jackson2ObjectMapperBuilder - For Jackson Kotlin classes support please add "com.fasterxml.jackson.module:jackson-module-kotlin" to the classpath
2020-11-21 17:13:30.675 [main] INFO  com.soft1851.admin.Application - The following profiles are active: dev
2020-11-21 17:13:33.061 [main] INFO  o.s.d.r.c.RepositoryConfigurationDelegate - Multiple Spring Data modules found, entering strict repository configuration mode!
2020-11-21 17:13:33.065 [main] INFO  o.s.d.r.c.RepositoryConfigurationDelegate - Bootstrapping Spring Data Redis repositories in DEFAULT mode.
2020-11-21 17:13:33.154 [main] INFO  o.s.d.r.c.RepositoryConfigurationDelegate - Finished Spring Data repository scanning in 18ms. Found 0 Redis repository interfaces.
2020-11-21 17:13:33.390 [main] WARN  o.m.s.mapper.ClassPathMapperScanner - No MyBatis mapper was found in '[com.soft1851.admin]' package. Please check your configuration.
2020-11-21 17:13:33.790 [main] INFO  o.s.cloud.context.scope.GenericScope - BeanFactory id=5ce4f3b2-bbef-3f52-8253-8ca8b14d84a3
2020-11-21 17:13:34.932 [main] INFO  o.s.b.w.e.tomcat.TomcatWebServer - Tomcat initialized with port(s): 8005 (http)
2020-11-21 17:13:34.947 [main] INFO  o.a.coyote.http11.Http11NioProtocol - Initializing ProtocolHandler ["http-nio-8005"]
2020-11-21 17:13:34.948 [main] INFO  o.a.catalina.core.StandardService - Starting service [Tomcat]
2020-11-21 17:13:34.948 [main] INFO  o.a.catalina.core.StandardEngine - Starting Servlet engine: [Apache Tomcat/9.0.38]
2020-11-21 17:13:35.145 [main] INFO  o.a.c.c.C.[Tomcat].[localhost].[/] - Initializing Spring embedded WebApplicationContext
2020-11-21 17:13:35.145 [main] INFO  o.s.b.w.s.c.ServletWebServerApplicationContext - Root WebApplicationContext: initialization completed in 4419 ms
2020-11-21 17:13:38.131 [main] WARN  c.n.c.sources.URLConfigurationSource - No URLs will be polled as dynamic configuration sources.
2020-11-21 17:13:38.131 [main] INFO  c.n.c.sources.URLConfigurationSource - To enable URLs as dynamic configuration sources, define System property archaius.configurationSource.additionalUrls or make config.properties available on classpath.
2020-11-21 17:13:38.191 [main] WARN  c.n.c.sources.URLConfigurationSource - No URLs will be polled as dynamic configuration sources.
2020-11-21 17:13:38.191 [main] INFO  c.n.c.sources.URLConfigurationSource - To enable URLs as dynamic configuration sources, define System property archaius.configurationSource.additionalUrls or make config.properties available on classpath.
2020-11-21 17:13:38.701 [main] INFO  o.s.s.c.ThreadPoolTaskExecutor - Initializing ExecutorService 'applicationTaskExecutor'
2020-11-21 17:13:39.005 [main] INFO  t.m.m.a.MapperCacheDisabler - Clear tk.mybatis.mapper.util.MsUtil CLASS_CACHE cache.
2020-11-21 17:13:39.006 [main] INFO  t.m.m.a.MapperCacheDisabler - Clear tk.mybatis.mapper.genid.GenIdUtil CACHE cache.
2020-11-21 17:13:39.007 [main] INFO  t.m.m.a.MapperCacheDisabler - Clear tk.mybatis.mapper.version.VersionUtil CACHE cache.
2020-11-21 17:13:39.007 [main] INFO  t.m.m.a.MapperCacheDisabler - Clear EntityHelper entityTableMap cache.
2020-11-21 17:13:40.052 [main] INFO  o.a.coyote.http11.Http11NioProtocol - Starting ProtocolHandler ["http-nio-8005"]
2020-11-21 17:13:40.092 [main] INFO  o.s.b.w.e.tomcat.TomcatWebServer - Tomcat started on port(s): 8005 (http) with context path ''
2020-11-21 17:13:40.421 [main] INFO  s.d.s.w.p.DocumentationPluginsBootstrapper - Context refreshed
2020-11-21 17:13:40.442 [main] INFO  s.d.s.w.p.DocumentationPluginsBootstrapper - Found 1 custom documentation plugin(s)
2020-11-21 17:13:40.451 [main] INFO  s.d.s.w.s.ApiListingReferenceScanner - Scanning for api listing references
2020-11-21 17:13:40.944 [main] INFO  com.soft1851.admin.Application - Started Application in 13.773 seconds (JVM running for 15.469)
2020-11-21 18:02:51.327 [http-nio-8005-exec-1] INFO  o.a.c.c.C.[Tomcat].[localhost].[/] - Initializing Spring DispatcherServlet 'dispatcherServlet'
2020-11-21 18:02:51.328 [http-nio-8005-exec-1] INFO  o.s.web.servlet.DispatcherServlet - Initializing Servlet 'dispatcherServlet'
2020-11-21 18:02:51.337 [http-nio-8005-exec-1] INFO  o.s.web.servlet.DispatcherServlet - Completed initialization in 9 ms
2020-11-21 18:04:24.809 [http-nio-8005-exec-9] INFO  c.s.api.aspect.ServiceLogAspect - ==== 开始执行 class com.soft1851.admin.service.impl.AdminUserServiceImpl.queryAdminByUsername====
2020-11-21 18:04:24.992 [http-nio-8005-exec-9] INFO  com.zaxxer.hikari.HikariDataSource - DateSourceHikariCP - Starting...
2020-11-21 18:04:24.994 [http-nio-8005-exec-9] WARN  c.z.hikari.util.DriverDataSource - Registered driver with driverClassName=com.mysql.jdbc.Driver was not found, trying direct instantiation.
2020-11-21 18:04:25.740 [http-nio-8005-exec-9] INFO  com.zaxxer.hikari.HikariDataSource - DateSourceHikariCP - Start completed.
2020-11-21 18:04:25.856 [http-nio-8005-exec-9] INFO  c.s.api.aspect.ServiceLogAspect - 当前执行耗时：1046
2020-11-21 18:04:58.995 [http-nio-8005-exec-8] INFO  c.s.api.aspect.ServiceLogAspect - ==== 开始执行 class com.soft1851.admin.service.impl.AdminUserServiceImpl.queryAdminByUsername====
2020-11-21 18:04:59.001 [http-nio-8005-exec-8] INFO  c.s.api.aspect.ServiceLogAspect - 当前执行耗时：6
2020-11-21 18:05:10.559 [http-nio-8005-exec-2] INFO  c.s.api.aspect.ServiceLogAspect - ==== 开始执行 class com.soft1851.admin.service.impl.AdminUserServiceImpl.queryAdminByUsername====
2020-11-21 18:05:10.566 [http-nio-8005-exec-2] INFO  c.s.api.aspect.ServiceLogAspect - 当前执行耗时：7
2020-11-21 18:08:27.016 [http-nio-8005-exec-4] INFO  c.s.api.aspect.ServiceLogAspect - ==== 开始执行 class com.soft1851.admin.service.impl.AdminUserServiceImpl.queryAdminByUsername====
2020-11-21 18:08:27.019 [http-nio-8005-exec-4] INFO  c.s.api.aspect.ServiceLogAspect - 当前执行耗时：3
2020-11-21 18:08:37.974 [http-nio-8005-exec-6] INFO  c.s.api.aspect.ServiceLogAspect - ==== 开始执行 class com.soft1851.admin.service.impl.AdminUserServiceImpl.queryAdminByUsername====
2020-11-21 18:08:37.977 [http-nio-8005-exec-6] INFO  c.s.api.aspect.ServiceLogAspect - 当前执行耗时：3
2020-11-21 23:13:11.355 [background-preinit] INFO  o.h.validator.internal.util.Version - HV000001: Hibernate Validator 6.1.5.Final
2020-11-21 23:13:11.750 [background-preinit] WARN  o.s.h.c.j.Jackson2ObjectMapperBuilder - For Jackson Kotlin classes support please add "com.fasterxml.jackson.module:jackson-module-kotlin" to the classpath
2020-11-21 23:13:12.323 [main] INFO  com.soft1851.admin.Application - The following profiles are active: dev
2020-11-21 23:13:13.198 [main] INFO  o.s.d.r.c.RepositoryConfigurationDelegate - Multiple Spring Data modules found, entering strict repository configuration mode!
2020-11-21 23:13:13.198 [main] INFO  o.s.d.r.c.RepositoryConfigurationDelegate - Bootstrapping Spring Data MongoDB repositories in DEFAULT mode.
2020-11-21 23:13:13.218 [main] INFO  o.s.d.r.c.RepositoryConfigurationDelegate - Finished Spring Data repository scanning in 16ms. Found 0 MongoDB repository interfaces.
2020-11-21 23:13:13.229 [main] INFO  o.s.d.r.c.RepositoryConfigurationDelegate - Multiple Spring Data modules found, entering strict repository configuration mode!
2020-11-21 23:13:13.230 [main] INFO  o.s.d.r.c.RepositoryConfigurationDelegate - Bootstrapping Spring Data Redis repositories in DEFAULT mode.
2020-11-21 23:13:13.238 [main] INFO  o.s.d.r.c.RepositoryConfigurationDelegate - Finished Spring Data repository scanning in 1ms. Found 0 Redis repository interfaces.
2020-11-21 23:13:13.377 [main] WARN  o.m.s.mapper.ClassPathMapperScanner - No MyBatis mapper was found in '[com.soft1851.admin]' package. Please check your configuration.
2020-11-21 23:13:13.452 [main] INFO  o.s.cloud.context.scope.GenericScope - BeanFactory id=c60ff19c-45d7-38fc-aedd-5f948759919e
2020-11-21 23:13:13.920 [main] INFO  o.s.b.w.e.tomcat.TomcatWebServer - Tomcat initialized with port(s): 8005 (http)
2020-11-21 23:13:13.933 [main] INFO  o.a.coyote.http11.Http11NioProtocol - Initializing ProtocolHandler ["http-nio-8005"]
2020-11-21 23:13:13.933 [main] INFO  o.a.catalina.core.StandardService - Starting service [Tomcat]
2020-11-21 23:13:13.934 [main] INFO  o.a.catalina.core.StandardEngine - Starting Servlet engine: [Apache Tomcat/9.0.38]
2020-11-21 23:13:14.082 [main] INFO  o.a.c.c.C.[Tomcat].[localhost].[/] - Initializing Spring embedded WebApplicationContext
2020-11-21 23:13:14.083 [main] INFO  o.s.b.w.s.c.ServletWebServerApplicationContext - Root WebApplicationContext: initialization completed in 1741 ms
2020-11-21 23:13:15.454 [main] WARN  c.n.c.sources.URLConfigurationSource - No URLs will be polled as dynamic configuration sources.
2020-11-21 23:13:15.454 [main] INFO  c.n.c.sources.URLConfigurationSource - To enable URLs as dynamic configuration sources, define System property archaius.configurationSource.additionalUrls or make config.properties available on classpath.
2020-11-21 23:13:15.457 [main] WARN  c.n.c.sources.URLConfigurationSource - No URLs will be polled as dynamic configuration sources.
2020-11-21 23:13:15.458 [main] INFO  c.n.c.sources.URLConfigurationSource - To enable URLs as dynamic configuration sources, define System property archaius.configurationSource.additionalUrls or make config.properties available on classpath.
2020-11-21 23:13:15.601 [main] INFO  o.s.s.c.ThreadPoolTaskExecutor - Initializing ExecutorService 'applicationTaskExecutor'
2020-11-21 23:13:15.730 [main] INFO  t.m.m.a.MapperCacheDisabler - Clear tk.mybatis.mapper.util.MsUtil CLASS_CACHE cache.
2020-11-21 23:13:15.730 [main] INFO  t.m.m.a.MapperCacheDisabler - Clear tk.mybatis.mapper.genid.GenIdUtil CACHE cache.
2020-11-21 23:13:15.731 [main] INFO  t.m.m.a.MapperCacheDisabler - Clear tk.mybatis.mapper.version.VersionUtil CACHE cache.
2020-11-21 23:13:15.731 [main] INFO  t.m.m.a.MapperCacheDisabler - Clear EntityHelper entityTableMap cache.
2020-11-21 23:13:15.851 [main] INFO  org.mongodb.driver.cluster - Cluster created with settings {hosts=[120.25.149.156:27017], mode=SINGLE, requiredClusterType=UNKNOWN, serverSelectionTimeout='30000 ms', maxWaitQueueSize=500}
2020-11-21 23:13:15.953 [main] WARN  o.s.data.convert.CustomConversions - Registering converter from class java.time.LocalDateTime to class org.joda.time.LocalDateTime as reading converter although it doesn't convert from a store-supported type! You might want to check your annotation setup at the converter implementation.
2020-11-21 23:13:15.988 [main] WARN  o.s.data.convert.CustomConversions - Registering converter from class java.time.LocalDateTime to class org.joda.time.LocalDateTime as reading converter although it doesn't convert from a store-supported type! You might want to check your annotation setup at the converter implementation.
2020-11-21 23:13:16.002 [cluster-ClusterId{value='5fb92e8b2cf6846b1c88ab6f', description='null'}-120.25.149.156:27017] INFO  org.mongodb.driver.connection - Opened connection [connectionId{localValue:1, serverValue:13}] to 120.25.149.156:27017
2020-11-21 23:13:16.038 [cluster-ClusterId{value='5fb92e8b2cf6846b1c88ab6f', description='null'}-120.25.149.156:27017] INFO  org.mongodb.driver.cluster - Monitor thread successfully connected to server with description ServerDescription{address=120.25.149.156:27017, type=STANDALONE, state=CONNECTED, ok=true, version=ServerVersion{versionList=[4, 4, 2]}, minWireVersion=0, maxWireVersion=9, maxDocumentSize=16777216, logicalSessionTimeoutMinutes=30, roundTripTimeNanos=33817000}
2020-11-21 23:13:16.931 [main] INFO  o.a.coyote.http11.Http11NioProtocol - Starting ProtocolHandler ["http-nio-8005"]
2020-11-21 23:13:17.264 [main] INFO  o.s.b.w.e.tomcat.TomcatWebServer - Tomcat started on port(s): 8005 (http) with context path ''
2020-11-21 23:13:17.734 [main] INFO  s.d.s.w.p.DocumentationPluginsBootstrapper - Context refreshed
2020-11-21 23:13:17.746 [main] INFO  s.d.s.w.p.DocumentationPluginsBootstrapper - Found 1 custom documentation plugin(s)
2020-11-21 23:13:17.759 [main] INFO  s.d.s.w.s.ApiListingReferenceScanner - Scanning for api listing references
2020-11-21 23:13:17.907 [main] INFO  com.soft1851.admin.Application - Started Application in 7.509 seconds (JVM running for 8.621)
2020-11-21 23:13:31.736 [http-nio-8005-exec-1] INFO  o.a.c.c.C.[Tomcat].[localhost].[/] - Initializing Spring DispatcherServlet 'dispatcherServlet'
2020-11-21 23:13:31.736 [http-nio-8005-exec-1] INFO  o.s.web.servlet.DispatcherServlet - Initializing Servlet 'dispatcherServlet'
2020-11-21 23:13:31.744 [http-nio-8005-exec-1] INFO  o.s.web.servlet.DispatcherServlet - Completed initialization in 8 ms
2020-11-21 23:13:31.885 [http-nio-8005-exec-2] INFO  c.s.api.aspect.ServiceLogAspect - ==== 开始执行 class com.soft1851.admin.service.impl.AdminUserServiceImpl.queryAdminByUsername====
2020-11-21 23:13:31.950 [http-nio-8005-exec-2] INFO  com.zaxxer.hikari.HikariDataSource - DateSourceHikariCP - Starting...
2020-11-21 23:13:31.951 [http-nio-8005-exec-2] WARN  c.z.hikari.util.DriverDataSource - Registered driver with driverClassName=com.mysql.jdbc.Driver was not found, trying direct instantiation.
2020-11-21 23:13:32.234 [http-nio-8005-exec-2] INFO  com.zaxxer.hikari.HikariDataSource - DateSourceHikariCP - Start completed.
2020-11-21 23:13:32.274 [http-nio-8005-exec-2] INFO  c.s.api.aspect.ServiceLogAspect - 当前执行耗时：388
2020-11-21 23:33:43.155 [background-preinit] INFO  o.h.validator.internal.util.Version - HV000001: Hibernate Validator 6.1.5.Final
2020-11-21 23:33:43.540 [background-preinit] WARN  o.s.h.c.j.Jackson2ObjectMapperBuilder - For Jackson Kotlin classes support please add "com.fasterxml.jackson.module:jackson-module-kotlin" to the classpath
2020-11-21 23:33:44.116 [main] INFO  com.soft1851.admin.Application - The following profiles are active: dev
2020-11-21 23:33:44.994 [main] INFO  o.s.d.r.c.RepositoryConfigurationDelegate - Multiple Spring Data modules found, entering strict repository configuration mode!
2020-11-21 23:33:44.994 [main] INFO  o.s.d.r.c.RepositoryConfigurationDelegate - Bootstrapping Spring Data MongoDB repositories in DEFAULT mode.
2020-11-21 23:33:45.015 [main] INFO  o.s.d.r.c.RepositoryConfigurationDelegate - Finished Spring Data repository scanning in 16ms. Found 0 MongoDB repository interfaces.
2020-11-21 23:33:45.025 [main] INFO  o.s.d.r.c.RepositoryConfigurationDelegate - Multiple Spring Data modules found, entering strict repository configuration mode!
2020-11-21 23:33:45.025 [main] INFO  o.s.d.r.c.RepositoryConfigurationDelegate - Bootstrapping Spring Data Redis repositories in DEFAULT mode.
2020-11-21 23:33:45.036 [main] INFO  o.s.d.r.c.RepositoryConfigurationDelegate - Finished Spring Data repository scanning in 1ms. Found 0 Redis repository interfaces.
2020-11-21 23:33:45.179 [main] WARN  o.m.s.mapper.ClassPathMapperScanner - No MyBatis mapper was found in '[com.soft1851.admin]' package. Please check your configuration.
2020-11-21 23:33:45.261 [main] INFO  o.s.cloud.context.scope.GenericScope - BeanFactory id=c60ff19c-45d7-38fc-aedd-5f948759919e
2020-11-21 23:33:45.708 [main] INFO  o.s.b.w.e.tomcat.TomcatWebServer - Tomcat initialized with port(s): 8005 (http)
2020-11-21 23:33:45.717 [main] INFO  o.a.coyote.http11.Http11NioProtocol - Initializing ProtocolHandler ["http-nio-8005"]
2020-11-21 23:33:45.718 [main] INFO  o.a.catalina.core.StandardService - Starting service [Tomcat]
2020-11-21 23:33:45.718 [main] INFO  o.a.catalina.core.StandardEngine - Starting Servlet engine: [Apache Tomcat/9.0.38]
2020-11-21 23:33:45.870 [main] INFO  o.a.c.c.C.[Tomcat].[localhost].[/] - Initializing Spring embedded WebApplicationContext
2020-11-21 23:33:45.871 [main] INFO  o.s.b.w.s.c.ServletWebServerApplicationContext - Root WebApplicationContext: initialization completed in 1736 ms
2020-11-21 23:33:47.233 [main] WARN  c.n.c.sources.URLConfigurationSource - No URLs will be polled as dynamic configuration sources.
2020-11-21 23:33:47.234 [main] INFO  c.n.c.sources.URLConfigurationSource - To enable URLs as dynamic configuration sources, define System property archaius.configurationSource.additionalUrls or make config.properties available on classpath.
2020-11-21 23:33:47.237 [main] WARN  c.n.c.sources.URLConfigurationSource - No URLs will be polled as dynamic configuration sources.
2020-11-21 23:33:47.237 [main] INFO  c.n.c.sources.URLConfigurationSource - To enable URLs as dynamic configuration sources, define System property archaius.configurationSource.additionalUrls or make config.properties available on classpath.
2020-11-21 23:33:47.394 [main] INFO  o.s.s.c.ThreadPoolTaskExecutor - Initializing ExecutorService 'applicationTaskExecutor'
2020-11-21 23:33:47.599 [main] INFO  t.m.m.a.MapperCacheDisabler - Clear tk.mybatis.mapper.util.MsUtil CLASS_CACHE cache.
2020-11-21 23:33:47.600 [main] INFO  t.m.m.a.MapperCacheDisabler - Clear tk.mybatis.mapper.genid.GenIdUtil CACHE cache.
2020-11-21 23:33:47.601 [main] INFO  t.m.m.a.MapperCacheDisabler - Clear tk.mybatis.mapper.version.VersionUtil CACHE cache.
2020-11-21 23:33:47.601 [main] INFO  t.m.m.a.MapperCacheDisabler - Clear EntityHelper entityTableMap cache.
2020-11-21 23:33:47.737 [main] INFO  org.mongodb.driver.cluster - Cluster created with settings {hosts=[120.25.149.156:27017], mode=SINGLE, requiredClusterType=UNKNOWN, serverSelectionTimeout='30000 ms', maxWaitQueueSize=500}
2020-11-21 23:33:47.842 [main] WARN  o.s.data.convert.CustomConversions - Registering converter from class java.time.LocalDateTime to class org.joda.time.LocalDateTime as reading converter although it doesn't convert from a store-supported type! You might want to check your annotation setup at the converter implementation.
2020-11-21 23:33:47.881 [cluster-ClusterId{value='5fb9335be2389e6170c4654a', description='null'}-120.25.149.156:27017] INFO  org.mongodb.driver.connection - Opened connection [connectionId{localValue:1, serverValue:14}] to 120.25.149.156:27017
2020-11-21 23:33:47.885 [main] WARN  o.s.data.convert.CustomConversions - Registering converter from class java.time.LocalDateTime to class org.joda.time.LocalDateTime as reading converter although it doesn't convert from a store-supported type! You might want to check your annotation setup at the converter implementation.
2020-11-21 23:33:47.914 [cluster-ClusterId{value='5fb9335be2389e6170c4654a', description='null'}-120.25.149.156:27017] INFO  org.mongodb.driver.cluster - Monitor thread successfully connected to server with description ServerDescription{address=120.25.149.156:27017, type=STANDALONE, state=CONNECTED, ok=true, version=ServerVersion{versionList=[4, 4, 2]}, minWireVersion=0, maxWireVersion=9, maxDocumentSize=16777216, logicalSessionTimeoutMinutes=30, roundTripTimeNanos=30896100}
2020-11-21 23:33:48.872 [main] INFO  o.a.coyote.http11.Http11NioProtocol - Starting ProtocolHandler ["http-nio-8005"]
2020-11-21 23:33:48.897 [main] INFO  o.s.b.w.e.tomcat.TomcatWebServer - Tomcat started on port(s): 8005 (http) with context path ''
2020-11-21 23:33:49.374 [main] INFO  s.d.s.w.p.DocumentationPluginsBootstrapper - Context refreshed
2020-11-21 23:33:49.386 [main] INFO  s.d.s.w.p.DocumentationPluginsBootstrapper - Found 1 custom documentation plugin(s)
2020-11-21 23:33:49.395 [main] INFO  s.d.s.w.s.ApiListingReferenceScanner - Scanning for api listing references
2020-11-21 23:33:49.538 [main] INFO  com.soft1851.admin.Application - Started Application in 7.326 seconds (JVM running for 9.052)
2020-11-21 23:36:35.664 [background-preinit] INFO  o.h.validator.internal.util.Version - HV000001: Hibernate Validator 6.1.5.Final
2020-11-21 23:36:36.052 [background-preinit] WARN  o.s.h.c.j.Jackson2ObjectMapperBuilder - For Jackson Kotlin classes support please add "com.fasterxml.jackson.module:jackson-module-kotlin" to the classpath
2020-11-21 23:36:36.624 [main] INFO  com.soft1851.admin.Application - The following profiles are active: dev
2020-11-21 23:36:37.486 [main] INFO  o.s.d.r.c.RepositoryConfigurationDelegate - Multiple Spring Data modules found, entering strict repository configuration mode!
2020-11-21 23:36:37.486 [main] INFO  o.s.d.r.c.RepositoryConfigurationDelegate - Bootstrapping Spring Data MongoDB repositories in DEFAULT mode.
2020-11-21 23:36:37.506 [main] INFO  o.s.d.r.c.RepositoryConfigurationDelegate - Finished Spring Data repository scanning in 16ms. Found 0 MongoDB repository interfaces.
2020-11-21 23:36:37.516 [main] INFO  o.s.d.r.c.RepositoryConfigurationDelegate - Multiple Spring Data modules found, entering strict repository configuration mode!
2020-11-21 23:36:37.517 [main] INFO  o.s.d.r.c.RepositoryConfigurationDelegate - Bootstrapping Spring Data Redis repositories in DEFAULT mode.
2020-11-21 23:36:37.526 [main] INFO  o.s.d.r.c.RepositoryConfigurationDelegate - Finished Spring Data repository scanning in 1ms. Found 0 Redis repository interfaces.
2020-11-21 23:36:37.668 [main] WARN  o.m.s.mapper.ClassPathMapperScanner - No MyBatis mapper was found in '[com.soft1851.admin]' package. Please check your configuration.
2020-11-21 23:36:37.744 [main] INFO  o.s.cloud.context.scope.GenericScope - BeanFactory id=c60ff19c-45d7-38fc-aedd-5f948759919e
2020-11-21 23:36:38.179 [main] INFO  o.s.b.w.e.tomcat.TomcatWebServer - Tomcat initialized with port(s): 8005 (http)
2020-11-21 23:36:38.190 [main] INFO  o.a.coyote.http11.Http11NioProtocol - Initializing ProtocolHandler ["http-nio-8005"]
2020-11-21 23:36:38.191 [main] INFO  o.a.catalina.core.StandardService - Starting service [Tomcat]
2020-11-21 23:36:38.191 [main] INFO  o.a.catalina.core.StandardEngine - Starting Servlet engine: [Apache Tomcat/9.0.38]
2020-11-21 23:36:38.334 [main] INFO  o.a.c.c.C.[Tomcat].[localhost].[/] - Initializing Spring embedded WebApplicationContext
2020-11-21 23:36:38.334 [main] INFO  o.s.b.w.s.c.ServletWebServerApplicationContext - Root WebApplicationContext: initialization completed in 1692 ms
2020-11-21 23:36:39.633 [main] WARN  c.n.c.sources.URLConfigurationSource - No URLs will be polled as dynamic configuration sources.
2020-11-21 23:36:39.633 [main] INFO  c.n.c.sources.URLConfigurationSource - To enable URLs as dynamic configuration sources, define System property archaius.configurationSource.additionalUrls or make config.properties available on classpath.
2020-11-21 23:36:39.637 [main] WARN  c.n.c.sources.URLConfigurationSource - No URLs will be polled as dynamic configuration sources.
2020-11-21 23:36:39.638 [main] INFO  c.n.c.sources.URLConfigurationSource - To enable URLs as dynamic configuration sources, define System property archaius.configurationSource.additionalUrls or make config.properties available on classpath.
2020-11-21 23:36:39.777 [main] INFO  o.s.s.c.ThreadPoolTaskExecutor - Initializing ExecutorService 'applicationTaskExecutor'
2020-11-21 23:36:39.900 [main] INFO  t.m.m.a.MapperCacheDisabler - Clear tk.mybatis.mapper.util.MsUtil CLASS_CACHE cache.
2020-11-21 23:36:39.901 [main] INFO  t.m.m.a.MapperCacheDisabler - Clear tk.mybatis.mapper.genid.GenIdUtil CACHE cache.
2020-11-21 23:36:39.901 [main] INFO  t.m.m.a.MapperCacheDisabler - Clear tk.mybatis.mapper.version.VersionUtil CACHE cache.
2020-11-21 23:36:39.901 [main] INFO  t.m.m.a.MapperCacheDisabler - Clear EntityHelper entityTableMap cache.
2020-11-21 23:36:40.021 [main] INFO  org.mongodb.driver.cluster - Cluster created with settings {hosts=[120.25.149.156:27017], mode=SINGLE, requiredClusterType=UNKNOWN, serverSelectionTimeout='30000 ms', maxWaitQueueSize=500}
2020-11-21 23:36:40.113 [main] WARN  o.s.data.convert.CustomConversions - Registering converter from class java.time.LocalDateTime to class org.joda.time.LocalDateTime as reading converter although it doesn't convert from a store-supported type! You might want to check your annotation setup at the converter implementation.
2020-11-21 23:36:40.143 [main] WARN  o.s.data.convert.CustomConversions - Registering converter from class java.time.LocalDateTime to class org.joda.time.LocalDateTime as reading converter although it doesn't convert from a store-supported type! You might want to check your annotation setup at the converter implementation.
2020-11-21 23:36:40.167 [cluster-ClusterId{value='5fb93408da10eb68f44fa052', description='null'}-120.25.149.156:27017] INFO  org.mongodb.driver.connection - Opened connection [connectionId{localValue:1, serverValue:15}] to 120.25.149.156:27017
2020-11-21 23:36:40.202 [cluster-ClusterId{value='5fb93408da10eb68f44fa052', description='null'}-120.25.149.156:27017] INFO  org.mongodb.driver.cluster - Monitor thread successfully connected to server with description ServerDescription{address=120.25.149.156:27017, type=STANDALONE, state=CONNECTED, ok=true, version=ServerVersion{versionList=[4, 4, 2]}, minWireVersion=0, maxWireVersion=9, maxDocumentSize=16777216, logicalSessionTimeoutMinutes=30, roundTripTimeNanos=32264500}
2020-11-21 23:36:41.035 [main] INFO  o.a.coyote.http11.Http11NioProtocol - Starting ProtocolHandler ["http-nio-8005"]
2020-11-21 23:36:41.059 [main] INFO  o.s.b.w.e.tomcat.TomcatWebServer - Tomcat started on port(s): 8005 (http) with context path ''
2020-11-21 23:36:41.587 [main] INFO  s.d.s.w.p.DocumentationPluginsBootstrapper - Context refreshed
2020-11-21 23:36:41.609 [main] INFO  s.d.s.w.p.DocumentationPluginsBootstrapper - Found 1 custom documentation plugin(s)
2020-11-21 23:36:41.628 [main] INFO  s.d.s.w.s.ApiListingReferenceScanner - Scanning for api listing references
2020-11-21 23:36:41.821 [main] INFO  com.soft1851.admin.Application - Started Application in 7.089 seconds (JVM running for 8.111)
2020-11-21 23:39:46.730 [http-nio-8005-exec-1] INFO  o.a.c.c.C.[Tomcat].[localhost].[/] - Initializing Spring DispatcherServlet 'dispatcherServlet'
2020-11-21 23:39:46.730 [http-nio-8005-exec-1] INFO  o.s.web.servlet.DispatcherServlet - Initializing Servlet 'dispatcherServlet'
2020-11-21 23:39:46.742 [http-nio-8005-exec-1] INFO  o.s.web.servlet.DispatcherServlet - Completed initialization in 12 ms
2020-11-21 23:42:03.993 [http-nio-8005-exec-3] INFO  c.s.api.aspect.ServiceLogAspect - ==== 开始执行 class com.soft1851.admin.service.impl.AdminUserServiceImpl.updateAdmin====
2020-11-21 23:42:04.066 [http-nio-8005-exec-3] INFO  com.zaxxer.hikari.HikariDataSource - DateSourceHikariCP - Starting...
2020-11-21 23:42:04.067 [http-nio-8005-exec-3] WARN  c.z.hikari.util.DriverDataSource - Registered driver with driverClassName=com.mysql.jdbc.Driver was not found, trying direct instantiation.
2020-11-21 23:42:04.364 [http-nio-8005-exec-3] INFO  com.zaxxer.hikari.HikariDataSource - DateSourceHikariCP - Start completed.
2020-11-21 23:42:04.577 [http-nio-8005-exec-3] INFO  c.s.api.aspect.ServiceLogAspect - 当前执行耗时：583
2020-11-21 23:42:25.562 [http-nio-8005-exec-7] INFO  c.s.api.aspect.ServiceLogAspect - ==== 开始执行 class com.soft1851.admin.service.impl.AdminUserServiceImpl.updateAdmin====
2020-11-21 23:42:25.570 [http-nio-8005-exec-7] INFO  c.s.api.aspect.ServiceLogAspect - 当前执行耗时：7
2020-11-21 23:45:00.575 [background-preinit] INFO  o.h.validator.internal.util.Version - HV000001: Hibernate Validator 6.1.5.Final
2020-11-21 23:45:00.970 [background-preinit] WARN  o.s.h.c.j.Jackson2ObjectMapperBuilder - For Jackson Kotlin classes support please add "com.fasterxml.jackson.module:jackson-module-kotlin" to the classpath
2020-11-21 23:45:01.554 [main] INFO  com.soft1851.admin.Application - The following profiles are active: dev
2020-11-21 23:45:02.453 [main] INFO  o.s.d.r.c.RepositoryConfigurationDelegate - Multiple Spring Data modules found, entering strict repository configuration mode!
2020-11-21 23:45:02.453 [main] INFO  o.s.d.r.c.RepositoryConfigurationDelegate - Bootstrapping Spring Data MongoDB repositories in DEFAULT mode.
2020-11-21 23:45:02.472 [main] INFO  o.s.d.r.c.RepositoryConfigurationDelegate - Finished Spring Data repository scanning in 15ms. Found 0 MongoDB repository interfaces.
2020-11-21 23:45:02.483 [main] INFO  o.s.d.r.c.RepositoryConfigurationDelegate - Multiple Spring Data modules found, entering strict repository configuration mode!
2020-11-21 23:45:02.484 [main] INFO  o.s.d.r.c.RepositoryConfigurationDelegate - Bootstrapping Spring Data Redis repositories in DEFAULT mode.
2020-11-21 23:45:02.491 [main] INFO  o.s.d.r.c.RepositoryConfigurationDelegate - Finished Spring Data repository scanning in 2ms. Found 0 Redis repository interfaces.
2020-11-21 23:45:02.628 [main] WARN  o.m.s.mapper.ClassPathMapperScanner - No MyBatis mapper was found in '[com.soft1851.admin]' package. Please check your configuration.
2020-11-21 23:45:02.707 [main] INFO  o.s.cloud.context.scope.GenericScope - BeanFactory id=c60ff19c-45d7-38fc-aedd-5f948759919e
2020-11-21 23:45:03.158 [main] INFO  o.s.b.w.e.tomcat.TomcatWebServer - Tomcat initialized with port(s): 8005 (http)
2020-11-21 23:45:03.169 [main] INFO  o.a.coyote.http11.Http11NioProtocol - Initializing ProtocolHandler ["http-nio-8005"]
2020-11-21 23:45:03.169 [main] INFO  o.a.catalina.core.StandardService - Starting service [Tomcat]
2020-11-21 23:45:03.169 [main] INFO  o.a.catalina.core.StandardEngine - Starting Servlet engine: [Apache Tomcat/9.0.38]
2020-11-21 23:45:03.315 [main] INFO  o.a.c.c.C.[Tomcat].[localhost].[/] - Initializing Spring embedded WebApplicationContext
2020-11-21 23:45:03.315 [main] INFO  o.s.b.w.s.c.ServletWebServerApplicationContext - Root WebApplicationContext: initialization completed in 1744 ms
2020-11-21 23:45:04.705 [main] WARN  c.n.c.sources.URLConfigurationSource - No URLs will be polled as dynamic configuration sources.
2020-11-21 23:45:04.705 [main] INFO  c.n.c.sources.URLConfigurationSource - To enable URLs as dynamic configuration sources, define System property archaius.configurationSource.additionalUrls or make config.properties available on classpath.
2020-11-21 23:45:04.709 [main] WARN  c.n.c.sources.URLConfigurationSource - No URLs will be polled as dynamic configuration sources.
2020-11-21 23:45:04.709 [main] INFO  c.n.c.sources.URLConfigurationSource - To enable URLs as dynamic configuration sources, define System property archaius.configurationSource.additionalUrls or make config.properties available on classpath.
2020-11-21 23:45:04.858 [main] INFO  o.s.s.c.ThreadPoolTaskExecutor - Initializing ExecutorService 'applicationTaskExecutor'
2020-11-21 23:45:04.995 [main] INFO  t.m.m.a.MapperCacheDisabler - Clear tk.mybatis.mapper.util.MsUtil CLASS_CACHE cache.
2020-11-21 23:45:04.996 [main] INFO  t.m.m.a.MapperCacheDisabler - Clear tk.mybatis.mapper.genid.GenIdUtil CACHE cache.
2020-11-21 23:45:04.996 [main] INFO  t.m.m.a.MapperCacheDisabler - Clear tk.mybatis.mapper.version.VersionUtil CACHE cache.
2020-11-21 23:45:04.997 [main] INFO  t.m.m.a.MapperCacheDisabler - Clear EntityHelper entityTableMap cache.
2020-11-21 23:45:05.123 [main] INFO  org.mongodb.driver.cluster - Cluster created with settings {hosts=[120.25.149.156:27017], mode=SINGLE, requiredClusterType=UNKNOWN, serverSelectionTimeout='30000 ms', maxWaitQueueSize=500}
2020-11-21 23:45:05.214 [main] WARN  o.s.data.convert.CustomConversions - Registering converter from class java.time.LocalDateTime to class org.joda.time.LocalDateTime as reading converter although it doesn't convert from a store-supported type! You might want to check your annotation setup at the converter implementation.
2020-11-21 23:45:05.241 [main] WARN  o.s.data.convert.CustomConversions - Registering converter from class java.time.LocalDateTime to class org.joda.time.LocalDateTime as reading converter although it doesn't convert from a store-supported type! You might want to check your annotation setup at the converter implementation.
2020-11-21 23:45:05.315 [cluster-ClusterId{value='5fb9360131e085721ec62955', description='null'}-120.25.149.156:27017] INFO  org.mongodb.driver.connection - Opened connection [connectionId{localValue:1, serverValue:18}] to 120.25.149.156:27017
2020-11-21 23:45:05.354 [cluster-ClusterId{value='5fb9360131e085721ec62955', description='null'}-120.25.149.156:27017] INFO  org.mongodb.driver.cluster - Monitor thread successfully connected to server with description ServerDescription{address=120.25.149.156:27017, type=STANDALONE, state=CONNECTED, ok=true, version=ServerVersion{versionList=[4, 4, 2]}, minWireVersion=0, maxWireVersion=9, maxDocumentSize=16777216, logicalSessionTimeoutMinutes=30, roundTripTimeNanos=37541600}
2020-11-21 23:45:06.231 [main] INFO  o.a.coyote.http11.Http11NioProtocol - Starting ProtocolHandler ["http-nio-8005"]
2020-11-21 23:45:06.256 [main] INFO  o.s.b.w.e.tomcat.TomcatWebServer - Tomcat started on port(s): 8005 (http) with context path ''
2020-11-21 23:45:06.726 [main] INFO  s.d.s.w.p.DocumentationPluginsBootstrapper - Context refreshed
2020-11-21 23:45:06.741 [main] INFO  s.d.s.w.p.DocumentationPluginsBootstrapper - Found 1 custom documentation plugin(s)
2020-11-21 23:45:06.750 [main] INFO  s.d.s.w.s.ApiListingReferenceScanner - Scanning for api listing references
2020-11-21 23:45:06.897 [main] INFO  com.soft1851.admin.Application - Started Application in 7.256 seconds (JVM running for 8.344)
2020-11-21 23:45:11.050 [http-nio-8005-exec-1] INFO  o.a.c.c.C.[Tomcat].[localhost].[/] - Initializing Spring DispatcherServlet 'dispatcherServlet'
2020-11-21 23:45:11.050 [http-nio-8005-exec-1] INFO  o.s.web.servlet.DispatcherServlet - Initializing Servlet 'dispatcherServlet'
2020-11-21 23:45:11.060 [http-nio-8005-exec-1] INFO  o.s.web.servlet.DispatcherServlet - Completed initialization in 9 ms
2020-11-21 23:45:11.130 [http-nio-8005-exec-1] INFO  c.s.api.aspect.ServiceLogAspect - ==== 开始执行 class com.soft1851.admin.service.impl.AdminUserServiceImpl.updateAdmin====
2020-11-21 23:45:11.200 [http-nio-8005-exec-1] INFO  com.zaxxer.hikari.HikariDataSource - DateSourceHikariCP - Starting...
2020-11-21 23:45:11.202 [http-nio-8005-exec-1] WARN  c.z.hikari.util.DriverDataSource - Registered driver with driverClassName=com.mysql.jdbc.Driver was not found, trying direct instantiation.
2020-11-21 23:45:11.493 [http-nio-8005-exec-1] INFO  com.zaxxer.hikari.HikariDataSource - DateSourceHikariCP - Start completed.
2020-11-21 23:45:11.555 [http-nio-8005-exec-1] INFO  c.s.api.aspect.ServiceLogAspect - 当前执行耗时：425
