2020-11-14 13:17:23.044 [main] INFO  com.soft1851.user.Application - Starting Application on DESKTOP-IKB81RP with PID 6980 (D:\Downloads\idea code\soft-news\soft-news-service-user\target\classes started by SU in D:\Downloads\idea code\soft-news)
2020-11-14 13:17:23.046 [main] INFO  com.soft1851.user.Application - No active profile set, falling back to default profiles: default
2020-11-14 13:17:23.694 [main] INFO  o.s.b.w.e.tomcat.TomcatWebServer - Tomcat initialized with port(s): 8003 (http)
2020-11-14 13:17:23.703 [main] INFO  o.a.coyote.http11.Http11NioProtocol - Initializing ProtocolHandler ["http-nio-8003"]
2020-11-14 13:17:23.704 [main] INFO  o.a.catalina.core.StandardService - Starting service [Tomcat]
2020-11-14 13:17:23.705 [main] INFO  o.a.catalina.core.StandardEngine - Starting Servlet engine: [Apache Tomcat/9.0.38]
2020-11-14 13:17:23.780 [main] INFO  o.a.c.c.C.[Tomcat].[localhost].[/] - Initializing Spring embedded WebApplicationContext
2020-11-14 13:17:23.780 [main] INFO  o.s.b.w.s.c.ServletWebServerApplicationContext - Root WebApplicationContext: initialization completed in 695 ms
2020-11-14 13:17:23.915 [main] INFO  o.s.s.c.ThreadPoolTaskExecutor - Initializing ExecutorService 'applicationTaskExecutor'
2020-11-14 13:17:24.057 [main] INFO  o.a.coyote.http11.Http11NioProtocol - Starting ProtocolHandler ["http-nio-8003"]
2020-11-14 13:17:24.077 [main] INFO  o.s.b.w.e.tomcat.TomcatWebServer - Tomcat started on port(s): 8003 (http) with context path ''
2020-11-14 13:17:24.083 [main] INFO  com.soft1851.user.Application - Started Application in 1.441 seconds (JVM running for 2.175)
2020-11-14 13:17:39.558 [main] INFO  com.soft1851.user.Application - Starting Application on DESKTOP-IKB81RP with PID 5988 (D:\Downloads\idea code\soft-news\soft-news-service-user\target\classes started by SU in D:\Downloads\idea code\soft-news)
2020-11-14 13:17:39.561 [main] INFO  com.soft1851.user.Application - No active profile set, falling back to default profiles: default
2020-11-14 13:17:40.150 [main] INFO  o.s.b.w.e.tomcat.TomcatWebServer - Tomcat initialized with port(s): 8003 (http)
2020-11-14 13:17:40.156 [main] INFO  o.a.coyote.http11.Http11NioProtocol - Initializing ProtocolHandler ["http-nio-8003"]
2020-11-14 13:17:40.157 [main] INFO  o.a.catalina.core.StandardService - Starting service [Tomcat]
2020-11-14 13:17:40.157 [main] INFO  o.a.catalina.core.StandardEngine - Starting Servlet engine: [Apache Tomcat/9.0.38]
2020-11-14 13:17:40.228 [main] INFO  o.a.c.c.C.[Tomcat].[localhost].[/] - Initializing Spring embedded WebApplicationContext
2020-11-14 13:17:40.228 [main] INFO  o.s.b.w.s.c.ServletWebServerApplicationContext - Root WebApplicationContext: initialization completed in 632 ms
2020-11-14 13:17:40.349 [main] INFO  o.s.s.c.ThreadPoolTaskExecutor - Initializing ExecutorService 'applicationTaskExecutor'
2020-11-14 13:17:40.499 [main] INFO  o.a.coyote.http11.Http11NioProtocol - Starting ProtocolHandler ["http-nio-8003"]
2020-11-14 13:17:40.522 [main] INFO  o.s.b.w.e.tomcat.TomcatWebServer - Tomcat started on port(s): 8003 (http) with context path ''
2020-11-14 13:17:40.529 [main] INFO  com.soft1851.user.Application - Started Application in 1.359 seconds (JVM running for 2.01)
2020-11-14 13:17:53.466 [http-nio-8003-exec-1] INFO  o.a.c.c.C.[Tomcat].[localhost].[/] - Initializing Spring DispatcherServlet 'dispatcherServlet'
2020-11-14 13:17:53.466 [http-nio-8003-exec-1] INFO  o.s.web.servlet.DispatcherServlet - Initializing Servlet 'dispatcherServlet'
2020-11-14 13:17:53.471 [http-nio-8003-exec-1] INFO  o.s.web.servlet.DispatcherServlet - Completed initialization in 4 ms
2020-11-14 13:17:53.483 [http-nio-8003-exec-1] INFO  c.s.user.controller.HelloController - info:hello
2020-11-14 13:17:53.483 [http-nio-8003-exec-1] WARN  c.s.user.controller.HelloController - warn:hello
2020-11-14 13:17:53.483 [http-nio-8003-exec-1] ERROR c.s.user.controller.HelloController - error: hello
2020-11-14 13:21:33.899 [main] INFO  com.soft1851.user.Application - Starting Application on DESKTOP-IKB81RP with PID 17252 (D:\Downloads\idea code\soft-news\soft-news-service-user\target\classes started by SU in D:\Downloads\idea code\soft-news)
2020-11-14 13:21:33.901 [main] INFO  com.soft1851.user.Application - No active profile set, falling back to default profiles: default
2020-11-14 13:21:34.517 [main] INFO  o.s.b.w.e.tomcat.TomcatWebServer - Tomcat initialized with port(s): 8003 (http)
2020-11-14 13:21:34.523 [main] INFO  o.a.coyote.http11.Http11NioProtocol - Initializing ProtocolHandler ["http-nio-8003"]
2020-11-14 13:21:34.523 [main] INFO  o.a.catalina.core.StandardService - Starting service [Tomcat]
2020-11-14 13:21:34.523 [main] INFO  o.a.catalina.core.StandardEngine - Starting Servlet engine: [Apache Tomcat/9.0.38]
2020-11-14 13:21:34.629 [main] INFO  o.a.c.c.C.[Tomcat].[localhost].[/] - Initializing Spring embedded WebApplicationContext
2020-11-14 13:21:34.629 [main] INFO  o.s.b.w.s.c.ServletWebServerApplicationContext - Root WebApplicationContext: initialization completed in 689 ms
2020-11-14 13:21:34.753 [main] INFO  o.s.s.c.ThreadPoolTaskExecutor - Initializing ExecutorService 'applicationTaskExecutor'
2020-11-14 13:21:34.864 [main] INFO  o.a.coyote.http11.Http11NioProtocol - Starting ProtocolHandler ["http-nio-8003"]
2020-11-14 13:21:34.882 [main] INFO  o.s.b.w.e.tomcat.TomcatWebServer - Tomcat started on port(s): 8003 (http) with context path ''
2020-11-14 13:21:34.894 [main] INFO  com.soft1851.user.Application - Started Application in 1.371 seconds (JVM running for 2.114)
2020-11-14 13:24:19.160 [main] INFO  com.soft1851.user.Application - Starting Application on DESKTOP-IKB81RP with PID 31580 (D:\Downloads\idea code\soft-news\soft-news-service-user\target\classes started by SU in D:\Downloads\idea code\soft-news)
2020-11-14 13:24:19.163 [main] INFO  com.soft1851.user.Application - No active profile set, falling back to default profiles: default
2020-11-14 13:24:19.775 [main] INFO  o.s.b.w.e.tomcat.TomcatWebServer - Tomcat initialized with port(s): 8003 (http)
2020-11-14 13:24:19.781 [main] INFO  o.a.coyote.http11.Http11NioProtocol - Initializing ProtocolHandler ["http-nio-8003"]
2020-11-14 13:24:19.782 [main] INFO  o.a.catalina.core.StandardService - Starting service [Tomcat]
2020-11-14 13:24:19.782 [main] INFO  o.a.catalina.core.StandardEngine - Starting Servlet engine: [Apache Tomcat/9.0.38]
2020-11-14 13:24:19.858 [main] INFO  o.a.c.c.C.[Tomcat].[localhost].[/] - Initializing Spring embedded WebApplicationContext
2020-11-14 13:24:19.858 [main] INFO  o.s.b.w.s.c.ServletWebServerApplicationContext - Root WebApplicationContext: initialization completed in 661 ms
2020-11-14 13:24:19.999 [main] INFO  o.s.s.c.ThreadPoolTaskExecutor - Initializing ExecutorService 'applicationTaskExecutor'
2020-11-14 13:24:20.103 [main] INFO  o.a.coyote.http11.Http11NioProtocol - Starting ProtocolHandler ["http-nio-8003"]
2020-11-14 13:24:20.119 [main] INFO  o.s.b.w.e.tomcat.TomcatWebServer - Tomcat started on port(s): 8003 (http) with context path ''
2020-11-14 13:24:20.125 [main] INFO  com.soft1851.user.Application - Started Application in 1.374 seconds (JVM running for 2.077)
2020-11-14 13:26:24.157 [main] INFO  com.soft1851.user.Application - Starting Application on DESKTOP-IKB81RP with PID 21644 (D:\Downloads\idea code\soft-news\soft-news-service-user\target\classes started by SU in D:\Downloads\idea code\soft-news)
2020-11-14 13:26:24.159 [main] INFO  com.soft1851.user.Application - No active profile set, falling back to default profiles: default
2020-11-14 13:26:24.787 [main] INFO  o.s.b.w.e.tomcat.TomcatWebServer - Tomcat initialized with port(s): 8003 (http)
2020-11-14 13:26:24.795 [main] INFO  o.a.coyote.http11.Http11NioProtocol - Initializing ProtocolHandler ["http-nio-8003"]
2020-11-14 13:26:24.795 [main] INFO  o.a.catalina.core.StandardService - Starting service [Tomcat]
2020-11-14 13:26:24.795 [main] INFO  o.a.catalina.core.StandardEngine - Starting Servlet engine: [Apache Tomcat/9.0.38]
2020-11-14 13:26:24.879 [main] INFO  o.a.c.c.C.[Tomcat].[localhost].[/] - Initializing Spring embedded WebApplicationContext
2020-11-14 13:26:24.879 [main] INFO  o.s.b.w.s.c.ServletWebServerApplicationContext - Root WebApplicationContext: initialization completed in 678 ms
2020-11-14 13:26:25.039 [main] INFO  o.s.s.c.ThreadPoolTaskExecutor - Initializing ExecutorService 'applicationTaskExecutor'
2020-11-14 13:26:25.159 [main] INFO  o.a.coyote.http11.Http11NioProtocol - Starting ProtocolHandler ["http-nio-8003"]
2020-11-14 13:26:25.180 [main] INFO  o.s.b.w.e.tomcat.TomcatWebServer - Tomcat started on port(s): 8003 (http) with context path ''
2020-11-14 13:26:25.187 [main] INFO  com.soft1851.user.Application - Started Application in 1.443 seconds (JVM running for 2.22)
2020-11-14 13:27:16.363 [main] INFO  com.soft1851.user.Application - Starting Application on DESKTOP-IKB81RP with PID 9252 (D:\Downloads\idea code\soft-news\soft-news-service-user\target\classes started by SU in D:\Downloads\idea code\soft-news)
2020-11-14 13:27:16.365 [main] INFO  com.soft1851.user.Application - No active profile set, falling back to default profiles: default
2020-11-14 13:27:16.982 [main] INFO  o.s.b.w.e.tomcat.TomcatWebServer - Tomcat initialized with port(s): 8003 (http)
2020-11-14 13:27:16.988 [main] INFO  o.a.coyote.http11.Http11NioProtocol - Initializing ProtocolHandler ["http-nio-8003"]
2020-11-14 13:27:16.988 [main] INFO  o.a.catalina.core.StandardService - Starting service [Tomcat]
2020-11-14 13:27:16.989 [main] INFO  o.a.catalina.core.StandardEngine - Starting Servlet engine: [Apache Tomcat/9.0.38]
2020-11-14 13:27:17.068 [main] INFO  o.a.c.c.C.[Tomcat].[localhost].[/] - Initializing Spring embedded WebApplicationContext
2020-11-14 13:27:17.069 [main] INFO  o.s.b.w.s.c.ServletWebServerApplicationContext - Root WebApplicationContext: initialization completed in 668 ms
2020-11-14 13:27:17.210 [main] INFO  o.s.s.c.ThreadPoolTaskExecutor - Initializing ExecutorService 'applicationTaskExecutor'
2020-11-14 13:27:17.323 [main] INFO  o.a.coyote.http11.Http11NioProtocol - Starting ProtocolHandler ["http-nio-8003"]
2020-11-14 13:27:17.341 [main] INFO  o.s.b.w.e.tomcat.TomcatWebServer - Tomcat started on port(s): 8003 (http) with context path ''
2020-11-14 13:27:17.347 [main] INFO  com.soft1851.user.Application - Started Application in 1.376 seconds (JVM running for 2.143)
2020-11-14 13:28:23.288 [main] INFO  com.soft1851.user.Application - Starting Application on DESKTOP-IKB81RP with PID 8816 (D:\Downloads\idea code\soft-news\soft-news-service-user\target\classes started by SU in D:\Downloads\idea code\soft-news)
2020-11-14 13:28:23.290 [main] INFO  com.soft1851.user.Application - No active profile set, falling back to default profiles: default
2020-11-14 13:28:23.900 [main] INFO  o.s.b.w.e.tomcat.TomcatWebServer - Tomcat initialized with port(s): 8003 (http)
2020-11-14 13:28:23.908 [main] INFO  o.a.coyote.http11.Http11NioProtocol - Initializing ProtocolHandler ["http-nio-8003"]
2020-11-14 13:28:23.909 [main] INFO  o.a.catalina.core.StandardService - Starting service [Tomcat]
2020-11-14 13:28:23.909 [main] INFO  o.a.catalina.core.StandardEngine - Starting Servlet engine: [Apache Tomcat/9.0.38]
2020-11-14 13:28:23.981 [main] INFO  o.a.c.c.C.[Tomcat].[localhost].[/] - Initializing Spring embedded WebApplicationContext
2020-11-14 13:28:23.982 [main] INFO  o.s.b.w.s.c.ServletWebServerApplicationContext - Root WebApplicationContext: initialization completed in 659 ms
2020-11-14 13:28:24.122 [main] INFO  o.s.s.c.ThreadPoolTaskExecutor - Initializing ExecutorService 'applicationTaskExecutor'
2020-11-14 13:28:24.246 [main] INFO  o.a.coyote.http11.Http11NioProtocol - Starting ProtocolHandler ["http-nio-8003"]
2020-11-14 13:28:24.263 [main] INFO  o.s.b.w.e.tomcat.TomcatWebServer - Tomcat started on port(s): 8003 (http) with context path ''
2020-11-14 13:28:24.270 [main] INFO  com.soft1851.user.Application - Started Application in 1.347 seconds (JVM running for 2.122)
2020-11-14 13:32:43.317 [main] INFO  com.soft1851.user.Application - Starting Application on DESKTOP-IKB81RP with PID 17368 (D:\Downloads\idea code\soft-news\soft-news-service-user\target\classes started by SU in D:\Downloads\idea code\soft-news)
2020-11-14 13:32:43.319 [main] INFO  com.soft1851.user.Application - No active profile set, falling back to default profiles: default
2020-11-14 13:32:43.905 [main] INFO  o.s.b.w.e.tomcat.TomcatWebServer - Tomcat initialized with port(s): 8003 (http)
2020-11-14 13:32:43.911 [main] INFO  o.a.coyote.http11.Http11NioProtocol - Initializing ProtocolHandler ["http-nio-8003"]
2020-11-14 13:32:43.913 [main] INFO  o.a.catalina.core.StandardService - Starting service [Tomcat]
2020-11-14 13:32:43.913 [main] INFO  o.a.catalina.core.StandardEngine - Starting Servlet engine: [Apache Tomcat/9.0.38]
2020-11-14 13:32:43.995 [main] INFO  o.a.c.c.C.[Tomcat].[localhost].[/] - Initializing Spring embedded WebApplicationContext
2020-11-14 13:32:43.995 [main] INFO  o.s.b.w.s.c.ServletWebServerApplicationContext - Root WebApplicationContext: initialization completed in 637 ms
2020-11-14 13:32:44.132 [main] INFO  o.s.s.c.ThreadPoolTaskExecutor - Initializing ExecutorService 'applicationTaskExecutor'
2020-11-14 13:32:44.251 [main] INFO  o.a.coyote.http11.Http11NioProtocol - Starting ProtocolHandler ["http-nio-8003"]
2020-11-14 13:32:44.270 [main] INFO  o.s.b.w.e.tomcat.TomcatWebServer - Tomcat started on port(s): 8003 (http) with context path ''
2020-11-14 13:32:44.276 [main] INFO  com.soft1851.user.Application - Started Application in 1.332 seconds (JVM running for 2.029)
2020-11-14 13:33:42.721 [main] INFO  com.soft1851.user.Application - Starting Application on DESKTOP-IKB81RP with PID 29500 (D:\Downloads\idea code\soft-news\soft-news-service-user\target\classes started by SU in D:\Downloads\idea code\soft-news)
2020-11-14 13:33:42.723 [main] INFO  com.soft1851.user.Application - No active profile set, falling back to default profiles: default
2020-11-14 13:33:43.343 [main] INFO  o.s.b.w.e.tomcat.TomcatWebServer - Tomcat initialized with port(s): 8003 (http)
2020-11-14 13:33:43.349 [main] INFO  o.a.coyote.http11.Http11NioProtocol - Initializing ProtocolHandler ["http-nio-8003"]
2020-11-14 13:33:43.350 [main] INFO  o.a.catalina.core.StandardService - Starting service [Tomcat]
2020-11-14 13:33:43.352 [main] INFO  o.a.catalina.core.StandardEngine - Starting Servlet engine: [Apache Tomcat/9.0.38]
2020-11-14 13:33:43.426 [main] INFO  o.a.c.c.C.[Tomcat].[localhost].[/] - Initializing Spring embedded WebApplicationContext
2020-11-14 13:33:43.426 [main] INFO  o.s.b.w.s.c.ServletWebServerApplicationContext - Root WebApplicationContext: initialization completed in 669 ms
2020-11-14 13:33:43.566 [main] INFO  o.s.s.c.ThreadPoolTaskExecutor - Initializing ExecutorService 'applicationTaskExecutor'
2020-11-14 13:33:43.678 [main] INFO  o.a.coyote.http11.Http11NioProtocol - Starting ProtocolHandler ["http-nio-8003"]
2020-11-14 13:33:43.694 [main] INFO  o.s.b.w.e.tomcat.TomcatWebServer - Tomcat started on port(s): 8003 (http) with context path ''
2020-11-14 13:33:43.701 [main] INFO  com.soft1851.user.Application - Started Application in 1.381 seconds (JVM running for 2.118)
2020-11-14 13:36:23.301 [http-nio-8003-exec-1] INFO  o.a.c.c.C.[Tomcat].[localhost].[/] - Initializing Spring DispatcherServlet 'dispatcherServlet'
2020-11-14 13:36:23.301 [http-nio-8003-exec-1] INFO  o.s.web.servlet.DispatcherServlet - Initializing Servlet 'dispatcherServlet'
2020-11-14 13:36:23.306 [http-nio-8003-exec-1] INFO  o.s.web.servlet.DispatcherServlet - Completed initialization in 5 ms
2020-11-14 13:36:23.326 [http-nio-8003-exec-1] INFO  c.s.user.controller.HelloController - info:hello
2020-11-14 13:36:23.326 [http-nio-8003-exec-1] WARN  c.s.user.controller.HelloController - warn:hello
2020-11-14 13:36:23.326 [http-nio-8003-exec-1] ERROR c.s.user.controller.HelloController - error: hello
2020-11-14 13:37:26.489 [main] INFO  com.soft1851.user.Application - Starting Application on DESKTOP-IKB81RP with PID 28232 (D:\Downloads\idea code\soft-news\soft-news-service-user\target\classes started by SU in D:\Downloads\idea code\soft-news)main2020-11-14 13:37:26.491 [main] INFO  com.soft1851.user.Application - No active profile set, falling back to default profiles: defaultmain2020-11-14 13:37:27.089 [main] INFO  o.s.b.w.e.tomcat.TomcatWebServer - Tomcat initialized with port(s): 8003 (http)main2020-11-14 13:37:27.097 [main] INFO  o.a.coyote.http11.Http11NioProtocol - Initializing ProtocolHandler ["http-nio-8003"]main2020-11-14 13:37:27.097 [main] INFO  o.a.catalina.core.StandardService - Starting service [Tomcat]main2020-11-14 13:37:27.098 [main] INFO  o.a.catalina.core.StandardEngine - Starting Servlet engine: [Apache Tomcat/9.0.38]main2020-11-14 13:37:27.170 [main] INFO  o.a.c.c.C.[Tomcat].[localhost].[/] - Initializing Spring embedded WebApplicationContextmain2020-11-14 13:37:27.170 [main] INFO  o.s.b.w.s.c.ServletWebServerApplicationContext - Root WebApplicationContext: initialization completed in 646 msmain2020-11-14 13:37:27.310 [main] INFO  o.s.s.c.ThreadPoolTaskExecutor - Initializing ExecutorService 'applicationTaskExecutor'main2020-11-14 13:37:27.424 [main] INFO  o.a.coyote.http11.Http11NioProtocol - Starting ProtocolHandler ["http-nio-8003"]main2020-11-14 13:37:27.440 [main] INFO  o.s.b.w.e.tomcat.TomcatWebServer - Tomcat started on port(s): 8003 (http) with context path ''main2020-11-14 13:37:27.446 [main] INFO  com.soft1851.user.Application - Started Application in 1.338 seconds (JVM running for 2.03)main2020-11-14 13:37:37.087 [main] INFO  com.soft1851.user.Application - Starting Application on DESKTOP-IKB81RP with PID 8616 (D:\Downloads\idea code\soft-news\soft-news-service-user\target\classes started by SU in D:\Downloads\idea code\soft-news)main2020-11-14 13:37:37.090 [main] INFO  com.soft1851.user.Application - No active profile set, falling back to default profiles: defaultmain2020-11-14 13:37:37.672 [main] INFO  o.s.b.w.e.tomcat.TomcatWebServer - Tomcat initialized with port(s): 8003 (http)main2020-11-14 13:37:37.678 [main] INFO  o.a.coyote.http11.Http11NioProtocol - Initializing ProtocolHandler ["http-nio-8003"]main2020-11-14 13:37:37.678 [main] INFO  o.a.catalina.core.StandardService - Starting service [Tomcat]main2020-11-14 13:37:37.678 [main] INFO  o.a.catalina.core.StandardEngine - Starting Servlet engine: [Apache Tomcat/9.0.38]main2020-11-14 13:37:37.750 [main] INFO  o.a.c.c.C.[Tomcat].[localhost].[/] - Initializing Spring embedded WebApplicationContextmain2020-11-14 13:37:37.750 [main] INFO  o.s.b.w.s.c.ServletWebServerApplicationContext - Root WebApplicationContext: initialization completed in 628 msmain2020-11-14 13:37:37.866 [main] INFO  o.s.s.c.ThreadPoolTaskExecutor - Initializing ExecutorService 'applicationTaskExecutor'main2020-11-14 13:37:37.994 [main] INFO  o.a.coyote.http11.Http11NioProtocol - Starting ProtocolHandler ["http-nio-8003"]main2020-11-14 13:37:38.014 [main] INFO  o.s.b.w.e.tomcat.TomcatWebServer - Tomcat started on port(s): 8003 (http) with context path ''main2020-11-14 13:37:38.020 [main] INFO  com.soft1851.user.Application - Started Application in 1.307 seconds (JVM running for 1.981)main2020-11-14 13:37:58.762 [main] INFO  com.soft1851.user.Application - Starting Application on DESKTOP-IKB81RP with PID 2628 (D:\Downloads\idea code\soft-news\soft-news-service-user\target\classes started by SU in D:\Downloads\idea code\soft-news)
2020-11-14 13:37:58.764 [main] INFO  com.soft1851.user.Application - No active profile set, falling back to default profiles: default
2020-11-14 13:37:59.357 [main] INFO  o.s.b.w.e.tomcat.TomcatWebServer - Tomcat initialized with port(s): 8003 (http)
2020-11-14 13:37:59.364 [main] INFO  o.a.coyote.http11.Http11NioProtocol - Initializing ProtocolHandler ["http-nio-8003"]
2020-11-14 13:37:59.365 [main] INFO  o.a.catalina.core.StandardService - Starting service [Tomcat]
2020-11-14 13:37:59.365 [main] INFO  o.a.catalina.core.StandardEngine - Starting Servlet engine: [Apache Tomcat/9.0.38]
2020-11-14 13:37:59.437 [main] INFO  o.a.c.c.C.[Tomcat].[localhost].[/] - Initializing Spring embedded WebApplicationContext
2020-11-14 13:37:59.437 [main] INFO  o.s.b.w.s.c.ServletWebServerApplicationContext - Root WebApplicationContext: initialization completed in 639 ms
2020-11-14 13:37:59.573 [main] INFO  o.s.s.c.ThreadPoolTaskExecutor - Initializing ExecutorService 'applicationTaskExecutor'
2020-11-14 13:37:59.680 [main] INFO  o.a.coyote.http11.Http11NioProtocol - Starting ProtocolHandler ["http-nio-8003"]
2020-11-14 13:37:59.696 [main] INFO  o.s.b.w.e.tomcat.TomcatWebServer - Tomcat started on port(s): 8003 (http) with context path ''
2020-11-14 13:37:59.702 [main] INFO  com.soft1851.user.Application - Started Application in 1.352 seconds (JVM running for 2.058)
2020-11-14 13:41:20.110 [main] INFO  com.soft1851.user.Application - Starting Application on DESKTOP-IKB81RP with PID 28292 (D:\Downloads\idea code\soft-news\soft-news-service-user\target\classes started by SU in D:\Downloads\idea code\soft-news)
2020-11-14 13:41:20.112 [main] INFO  com.soft1851.user.Application - The following profiles are active: dev
2020-11-14 13:41:20.693 [main] INFO  o.s.b.w.e.tomcat.TomcatWebServer - Tomcat initialized with port(s): 8003 (http)
2020-11-14 13:41:20.701 [main] INFO  o.a.coyote.http11.Http11NioProtocol - Initializing ProtocolHandler ["http-nio-8003"]
2020-11-14 13:41:20.701 [main] INFO  o.a.catalina.core.StandardService - Starting service [Tomcat]
2020-11-14 13:41:20.701 [main] INFO  o.a.catalina.core.StandardEngine - Starting Servlet engine: [Apache Tomcat/9.0.38]
2020-11-14 13:41:20.776 [main] INFO  o.a.c.c.C.[Tomcat].[localhost].[/] - Initializing Spring embedded WebApplicationContext
2020-11-14 13:41:20.776 [main] INFO  o.s.b.w.s.c.ServletWebServerApplicationContext - Root WebApplicationContext: initialization completed in 631 ms
2020-11-14 13:41:20.921 [main] INFO  o.s.s.c.ThreadPoolTaskExecutor - Initializing ExecutorService 'applicationTaskExecutor'
2020-11-14 13:41:21.030 [main] INFO  o.a.coyote.http11.Http11NioProtocol - Starting ProtocolHandler ["http-nio-8003"]
2020-11-14 13:41:21.046 [main] INFO  o.s.b.w.e.tomcat.TomcatWebServer - Tomcat started on port(s): 8003 (http) with context path ''
2020-11-14 13:41:21.052 [main] INFO  com.soft1851.user.Application - Started Application in 1.329 seconds (JVM running for 2.053)
2020-11-14 13:42:14.804 [main] INFO  com.soft1851.user.Application - Starting Application on DESKTOP-IKB81RP with PID 10516 (D:\Downloads\idea code\soft-news\soft-news-service-user\target\classes started by SU in D:\Downloads\idea code\soft-news)
2020-11-14 13:42:14.807 [main] INFO  com.soft1851.user.Application - The following profiles are active: prod
2020-11-14 13:42:15.406 [main] INFO  o.s.b.w.e.tomcat.TomcatWebServer - Tomcat initialized with port(s): 8103 (http)
2020-11-14 13:42:15.415 [main] INFO  o.a.coyote.http11.Http11NioProtocol - Initializing ProtocolHandler ["http-nio-8103"]
2020-11-14 13:42:15.415 [main] INFO  o.a.catalina.core.StandardService - Starting service [Tomcat]
2020-11-14 13:42:15.415 [main] INFO  o.a.catalina.core.StandardEngine - Starting Servlet engine: [Apache Tomcat/9.0.38]
2020-11-14 13:42:15.490 [main] INFO  o.a.c.c.C.[Tomcat].[localhost].[/] - Initializing Spring embedded WebApplicationContext
2020-11-14 13:42:15.490 [main] INFO  o.s.b.w.s.c.ServletWebServerApplicationContext - Root WebApplicationContext: initialization completed in 642 ms
2020-11-14 13:42:15.636 [main] INFO  o.s.s.c.ThreadPoolTaskExecutor - Initializing ExecutorService 'applicationTaskExecutor'
2020-11-14 13:42:15.750 [main] INFO  o.a.coyote.http11.Http11NioProtocol - Starting ProtocolHandler ["http-nio-8103"]
2020-11-14 13:42:15.767 [main] INFO  o.s.b.w.e.tomcat.TomcatWebServer - Tomcat started on port(s): 8103 (http) with context path ''
2020-11-14 13:42:15.773 [main] INFO  com.soft1851.user.Application - Started Application in 1.362 seconds (JVM running for 2.057)
