2020-11-14 14:30:37.524 [main] INFO  com.soft1851.user.Application - Starting Application on DESKTOP-IKB81RP with PID 2680 (D:\Downloads\idea code\soft-news\soft-news-service-user\target\classes started by SU in D:\Downloads\idea code\soft-news)
2020-11-14 14:30:37.530 [main] INFO  com.soft1851.user.Application - The following profiles are active: dev
2020-11-14 14:30:37.602 [background-preinit] WARN  o.s.h.c.j.Jackson2ObjectMapperBuilder - For Jackson Kotlin classes support please add "com.fasterxml.jackson.module:jackson-module-kotlin" to the classpath
2020-11-14 14:30:38.050 [main] INFO  o.s.d.r.c.RepositoryConfigurationDelegate - Multiple Spring Data modules found, entering strict repository configuration mode!
2020-11-14 14:30:38.053 [main] INFO  o.s.d.r.c.RepositoryConfigurationDelegate - Bootstrapping Spring Data Redis repositories in DEFAULT mode.
2020-11-14 14:30:38.075 [main] INFO  o.s.d.r.c.RepositoryConfigurationDelegate - Finished Spring Data repository scanning in 11ms. Found 0 Redis repository interfaces.
2020-11-14 14:30:38.459 [main] INFO  o.s.b.w.e.tomcat.TomcatWebServer - Tomcat initialized with port(s): 8003 (http)
2020-11-14 14:30:38.466 [main] INFO  o.a.coyote.http11.Http11NioProtocol - Initializing ProtocolHandler ["http-nio-8003"]
2020-11-14 14:30:38.467 [main] INFO  o.a.catalina.core.StandardService - Starting service [Tomcat]
2020-11-14 14:30:38.467 [main] INFO  o.a.catalina.core.StandardEngine - Starting Servlet engine: [Apache Tomcat/9.0.38]
2020-11-14 14:30:38.573 [main] INFO  o.a.c.c.C.[Tomcat].[localhost].[/] - Initializing Spring embedded WebApplicationContext
2020-11-14 14:30:38.573 [main] INFO  o.s.b.w.s.c.ServletWebServerApplicationContext - Root WebApplicationContext: initialization completed in 976 ms
2020-11-14 14:30:38.760 [main] INFO  o.s.s.c.ThreadPoolTaskExecutor - Initializing ExecutorService 'applicationTaskExecutor'
2020-11-14 14:30:39.171 [main] INFO  o.a.coyote.http11.Http11NioProtocol - Starting ProtocolHandler ["http-nio-8003"]
2020-11-14 14:30:39.190 [main] INFO  o.s.b.w.e.tomcat.TomcatWebServer - Tomcat started on port(s): 8003 (http) with context path ''
2020-11-14 14:30:39.197 [main] INFO  com.soft1851.user.Application - Started Application in 2.148 seconds (JVM running for 2.995)
2020-11-14 14:30:55.762 [http-nio-8003-exec-1] INFO  o.a.c.c.C.[Tomcat].[localhost].[/] - Initializing Spring DispatcherServlet 'dispatcherServlet'
2020-11-14 14:30:55.762 [http-nio-8003-exec-1] INFO  o.s.web.servlet.DispatcherServlet - Initializing Servlet 'dispatcherServlet'
2020-11-14 14:30:55.767 [http-nio-8003-exec-1] INFO  o.s.web.servlet.DispatcherServlet - Completed initialization in 5 ms
2020-11-14 14:31:00.555 [http-nio-8003-exec-2] INFO  c.s.user.controller.HelloController - info:hello
2020-11-14 14:39:12.017 [main] ERROR o.s.boot.SpringApplication - Application run failed
java.lang.IllegalStateException: Logback configuration error detected: 
ERROR in ch.qos.logback.classic.PatternLayout("%white(%d{mm:ss.SSS}) %green([%thread]) %cyan(%-5level) %yellow(%logger{36}) %magenta(-)
                %black(%msg%)") - Failed to parse pattern "%white(%d{mm:ss.SSS}) %green([%thread]) %cyan(%-5level) %yellow(%logger{36}) %magenta(-)
                %black(%msg%)". ch.qos.logback.core.spi.ScanException: Unexpected end of pattern string
	at org.springframework.boot.logging.logback.LogbackLoggingSystem.loadConfiguration(LogbackLoggingSystem.java:169)
	at org.springframework.boot.logging.AbstractLoggingSystem.initializeWithConventions(AbstractLoggingSystem.java:80)
	at org.springframework.boot.logging.AbstractLoggingSystem.initialize(AbstractLoggingSystem.java:60)
	at org.springframework.boot.logging.logback.LogbackLoggingSystem.initialize(LogbackLoggingSystem.java:118)
	at org.springframework.boot.context.logging.LoggingApplicationListener.initializeSystem(LoggingApplicationListener.java:306)
	at org.springframework.boot.context.logging.LoggingApplicationListener.initialize(LoggingApplicationListener.java:281)
	at org.springframework.boot.context.logging.LoggingApplicationListener.onApplicationEnvironmentPreparedEvent(LoggingApplicationListener.java:239)
	at org.springframework.boot.context.logging.LoggingApplicationListener.onApplicationEvent(LoggingApplicationListener.java:216)
	at org.springframework.context.event.SimpleApplicationEventMulticaster.doInvokeListener(SimpleApplicationEventMulticaster.java:172)
	at org.springframework.context.event.SimpleApplicationEventMulticaster.invokeListener(SimpleApplicationEventMulticaster.java:165)
	at org.springframework.context.event.SimpleApplicationEventMulticaster.multicastEvent(SimpleApplicationEventMulticaster.java:139)
	at org.springframework.context.event.SimpleApplicationEventMulticaster.multicastEvent(SimpleApplicationEventMulticaster.java:127)
	at org.springframework.boot.context.event.EventPublishingRunListener.environmentPrepared(EventPublishingRunListener.java:80)
	at org.springframework.boot.SpringApplicationRunListeners.environmentPrepared(SpringApplicationRunListeners.java:53)
	at org.springframework.boot.SpringApplication.prepareEnvironment(SpringApplication.java:345)
	at org.springframework.boot.SpringApplication.run(SpringApplication.java:308)
	at org.springframework.boot.SpringApplication.run(SpringApplication.java:1237)
	at org.springframework.boot.SpringApplication.run(SpringApplication.java:1226)
	at com.soft1851.user.Application.main(Application.java:17)
2020-11-14 14:39:26.817 [main] INFO  com.soft1851.user.Application - Starting Application on DESKTOP-IKB81RP with PID 24104 (D:\Downloads\idea code\soft-news\soft-news-service-user\target\classes started by SU in D:\Downloads\idea code\soft-news)
2020-11-14 14:39:26.820 [main] INFO  com.soft1851.user.Application - The following profiles are active: dev
2020-11-14 14:39:26.889 [background-preinit] WARN  o.s.h.c.j.Jackson2ObjectMapperBuilder - For Jackson Kotlin classes support please add "com.fasterxml.jackson.module:jackson-module-kotlin" to the classpath
2020-11-14 14:39:27.309 [main] INFO  o.s.d.r.c.RepositoryConfigurationDelegate - Multiple Spring Data modules found, entering strict repository configuration mode!
2020-11-14 14:39:27.310 [main] INFO  o.s.d.r.c.RepositoryConfigurationDelegate - Bootstrapping Spring Data Redis repositories in DEFAULT mode.
2020-11-14 14:39:27.333 [main] INFO  o.s.d.r.c.RepositoryConfigurationDelegate - Finished Spring Data repository scanning in 12ms. Found 0 Redis repository interfaces.
2020-11-14 14:39:27.699 [main] INFO  o.s.b.w.e.tomcat.TomcatWebServer - Tomcat initialized with port(s): 8003 (http)
2020-11-14 14:39:27.706 [main] INFO  o.a.coyote.http11.Http11NioProtocol - Initializing ProtocolHandler ["http-nio-8003"]
2020-11-14 14:39:27.707 [main] INFO  o.a.catalina.core.StandardService - Starting service [Tomcat]
2020-11-14 14:39:27.707 [main] INFO  o.a.catalina.core.StandardEngine - Starting Servlet engine: [Apache Tomcat/9.0.38]
2020-11-14 14:39:27.813 [main] INFO  o.a.c.c.C.[Tomcat].[localhost].[/] - Initializing Spring embedded WebApplicationContext
2020-11-14 14:39:27.813 [main] INFO  o.s.b.w.s.c.ServletWebServerApplicationContext - Root WebApplicationContext: initialization completed in 927 ms
2020-11-14 14:39:27.987 [main] INFO  o.s.s.c.ThreadPoolTaskExecutor - Initializing ExecutorService 'applicationTaskExecutor'
2020-11-14 14:39:28.412 [main] INFO  o.a.coyote.http11.Http11NioProtocol - Starting ProtocolHandler ["http-nio-8003"]
2020-11-14 14:39:28.432 [main] INFO  o.s.b.w.e.tomcat.TomcatWebServer - Tomcat started on port(s): 8003 (http) with context path ''
2020-11-14 14:39:28.438 [main] INFO  com.soft1851.user.Application - Started Application in 2.084 seconds (JVM running for 2.892)
2020-11-14 14:39:59.821 [main] INFO  com.soft1851.user.Application - Starting Application on DESKTOP-IKB81RP with PID 20120 (D:\Downloads\idea code\soft-news\soft-news-service-user\target\classes started by SU in D:\Downloads\idea code\soft-news)
2020-11-14 14:39:59.823 [main] INFO  com.soft1851.user.Application - The following profiles are active: dev
2020-11-14 14:39:59.895 [background-preinit] WARN  o.s.h.c.j.Jackson2ObjectMapperBuilder - For Jackson Kotlin classes support please add "com.fasterxml.jackson.module:jackson-module-kotlin" to the classpath
2020-11-14 14:40:00.313 [main] INFO  o.s.d.r.c.RepositoryConfigurationDelegate - Multiple Spring Data modules found, entering strict repository configuration mode!
2020-11-14 14:40:00.315 [main] INFO  o.s.d.r.c.RepositoryConfigurationDelegate - Bootstrapping Spring Data Redis repositories in DEFAULT mode.
2020-11-14 14:40:00.337 [main] INFO  o.s.d.r.c.RepositoryConfigurationDelegate - Finished Spring Data repository scanning in 11ms. Found 0 Redis repository interfaces.
2020-11-14 14:40:00.706 [main] INFO  o.s.b.w.e.tomcat.TomcatWebServer - Tomcat initialized with port(s): 8003 (http)
2020-11-14 14:40:00.713 [main] INFO  o.a.coyote.http11.Http11NioProtocol - Initializing ProtocolHandler ["http-nio-8003"]
2020-11-14 14:40:00.714 [main] INFO  o.a.catalina.core.StandardService - Starting service [Tomcat]
2020-11-14 14:40:00.714 [main] INFO  o.a.catalina.core.StandardEngine - Starting Servlet engine: [Apache Tomcat/9.0.38]
2020-11-14 14:40:00.819 [main] INFO  o.a.c.c.C.[Tomcat].[localhost].[/] - Initializing Spring embedded WebApplicationContext
2020-11-14 14:40:00.819 [main] INFO  o.s.b.w.s.c.ServletWebServerApplicationContext - Root WebApplicationContext: initialization completed in 929 ms
2020-11-14 14:40:01.020 [main] INFO  o.s.s.c.ThreadPoolTaskExecutor - Initializing ExecutorService 'applicationTaskExecutor'
2020-11-14 14:40:01.402 [main] INFO  o.a.coyote.http11.Http11NioProtocol - Starting ProtocolHandler ["http-nio-8003"]
2020-11-14 14:40:01.419 [main] INFO  o.s.b.w.e.tomcat.TomcatWebServer - Tomcat started on port(s): 8003 (http) with context path ''
2020-11-14 14:40:01.426 [main] INFO  com.soft1851.user.Application - Started Application in 2.061 seconds (JVM running for 2.89)
2020-11-14 14:40:15.474 [main] INFO  com.soft1851.user.Application - Starting Application on DESKTOP-IKB81RP with PID 15420 (D:\Downloads\idea code\soft-news\soft-news-service-user\target\classes started by SU in D:\Downloads\idea code\soft-news)
2020-11-14 14:40:15.480 [main] INFO  com.soft1851.user.Application - The following profiles are active: dev
2020-11-14 14:40:15.549 [background-preinit] WARN  o.s.h.c.j.Jackson2ObjectMapperBuilder - For Jackson Kotlin classes support please add "com.fasterxml.jackson.module:jackson-module-kotlin" to the classpath
2020-11-14 14:40:15.982 [main] INFO  o.s.d.r.c.RepositoryConfigurationDelegate - Multiple Spring Data modules found, entering strict repository configuration mode!
2020-11-14 14:40:15.984 [main] INFO  o.s.d.r.c.RepositoryConfigurationDelegate - Bootstrapping Spring Data Redis repositories in DEFAULT mode.
2020-11-14 14:40:16.009 [main] INFO  o.s.d.r.c.RepositoryConfigurationDelegate - Finished Spring Data repository scanning in 12ms. Found 0 Redis repository interfaces.
2020-11-14 14:40:16.384 [main] INFO  o.s.b.w.e.tomcat.TomcatWebServer - Tomcat initialized with port(s): 8003 (http)
2020-11-14 14:40:16.392 [main] INFO  o.a.coyote.http11.Http11NioProtocol - Initializing ProtocolHandler ["http-nio-8003"]
2020-11-14 14:40:16.393 [main] INFO  o.a.catalina.core.StandardService - Starting service [Tomcat]
2020-11-14 14:40:16.393 [main] INFO  o.a.catalina.core.StandardEngine - Starting Servlet engine: [Apache Tomcat/9.0.38]
2020-11-14 14:40:16.498 [main] INFO  o.a.c.c.C.[Tomcat].[localhost].[/] - Initializing Spring embedded WebApplicationContext
2020-11-14 14:40:16.498 [main] INFO  o.s.b.w.s.c.ServletWebServerApplicationContext - Root WebApplicationContext: initialization completed in 953 ms
2020-11-14 14:40:16.674 [main] INFO  o.s.s.c.ThreadPoolTaskExecutor - Initializing ExecutorService 'applicationTaskExecutor'
2020-11-14 14:40:17.083 [main] INFO  o.a.coyote.http11.Http11NioProtocol - Starting ProtocolHandler ["http-nio-8003"]
2020-11-14 14:40:17.102 [main] INFO  o.s.b.w.e.tomcat.TomcatWebServer - Tomcat started on port(s): 8003 (http) with context path ''
2020-11-14 14:40:17.109 [main] INFO  com.soft1851.user.Application - Started Application in 2.109 seconds (JVM running for 2.999)
2020-11-14 14:44:06.693 [main] INFO  com.soft1851.user.Application - Starting Application on DESKTOP-IKB81RP with PID 9340 (D:\Downloads\idea code\soft-news\soft-news-service-user\target\classes started by SU in D:\Downloads\idea code\soft-news)
2020-11-14 14:44:06.696 [main] INFO  com.soft1851.user.Application - The following profiles are active: dev
2020-11-14 14:44:06.769 [background-preinit] WARN  o.s.h.c.j.Jackson2ObjectMapperBuilder - For Jackson Kotlin classes support please add "com.fasterxml.jackson.module:jackson-module-kotlin" to the classpath
2020-11-14 14:44:07.189 [main] INFO  o.s.d.r.c.RepositoryConfigurationDelegate - Multiple Spring Data modules found, entering strict repository configuration mode!
2020-11-14 14:44:07.191 [main] INFO  o.s.d.r.c.RepositoryConfigurationDelegate - Bootstrapping Spring Data Redis repositories in DEFAULT mode.
2020-11-14 14:44:07.214 [main] INFO  o.s.d.r.c.RepositoryConfigurationDelegate - Finished Spring Data repository scanning in 12ms. Found 0 Redis repository interfaces.
2020-11-14 14:44:07.588 [main] INFO  o.s.b.w.e.tomcat.TomcatWebServer - Tomcat initialized with port(s): 8003 (http)
2020-11-14 14:44:07.595 [main] INFO  o.a.coyote.http11.Http11NioProtocol - Initializing ProtocolHandler ["http-nio-8003"]
2020-11-14 14:44:07.596 [main] INFO  o.a.catalina.core.StandardService - Starting service [Tomcat]
2020-11-14 14:44:07.596 [main] INFO  o.a.catalina.core.StandardEngine - Starting Servlet engine: [Apache Tomcat/9.0.38]
2020-11-14 14:44:07.698 [main] INFO  o.a.c.c.C.[Tomcat].[localhost].[/] - Initializing Spring embedded WebApplicationContext
2020-11-14 14:44:07.699 [main] INFO  o.s.b.w.s.c.ServletWebServerApplicationContext - Root WebApplicationContext: initialization completed in 935 ms
2020-11-14 14:44:07.873 [main] INFO  o.s.s.c.ThreadPoolTaskExecutor - Initializing ExecutorService 'applicationTaskExecutor'
2020-11-14 14:44:08.296 [main] INFO  o.a.coyote.http11.Http11NioProtocol - Starting ProtocolHandler ["http-nio-8003"]
2020-11-14 14:44:08.315 [main] INFO  o.s.b.w.e.tomcat.TomcatWebServer - Tomcat started on port(s): 8003 (http) with context path ''
2020-11-14 14:44:08.322 [main] INFO  com.soft1851.user.Application - Started Application in 2.112 seconds (JVM running for 3.071)
2020-11-14 14:44:42.458 [main] INFO  com.soft1851.user.Application - Starting Application on DESKTOP-IKB81RP with PID 2924 (D:\Downloads\idea code\soft-news\soft-news-service-user\target\classes started by SU in D:\Downloads\idea code\soft-news)
2020-11-14 14:44:42.461 [main] INFO  com.soft1851.user.Application - The following profiles are active: dev
2020-11-14 14:44:42.526 [background-preinit] WARN  o.s.h.c.j.Jackson2ObjectMapperBuilder - For Jackson Kotlin classes support please add "com.fasterxml.jackson.module:jackson-module-kotlin" to the classpath
2020-11-14 14:44:42.949 [main] INFO  o.s.d.r.c.RepositoryConfigurationDelegate - Multiple Spring Data modules found, entering strict repository configuration mode!
2020-11-14 14:44:42.950 [main] INFO  o.s.d.r.c.RepositoryConfigurationDelegate - Bootstrapping Spring Data Redis repositories in DEFAULT mode.
2020-11-14 14:44:42.973 [main] INFO  o.s.d.r.c.RepositoryConfigurationDelegate - Finished Spring Data repository scanning in 9ms. Found 0 Redis repository interfaces.
2020-11-14 14:44:43.335 [main] INFO  o.s.b.w.e.tomcat.TomcatWebServer - Tomcat initialized with port(s): 8003 (http)
2020-11-14 14:44:43.344 [main] INFO  o.a.coyote.http11.Http11NioProtocol - Initializing ProtocolHandler ["http-nio-8003"]
2020-11-14 14:44:43.344 [main] INFO  o.a.catalina.core.StandardService - Starting service [Tomcat]
2020-11-14 14:44:43.345 [main] INFO  o.a.catalina.core.StandardEngine - Starting Servlet engine: [Apache Tomcat/9.0.38]
2020-11-14 14:44:43.448 [main] INFO  o.a.c.c.C.[Tomcat].[localhost].[/] - Initializing Spring embedded WebApplicationContext
2020-11-14 14:44:43.448 [main] INFO  o.s.b.w.s.c.ServletWebServerApplicationContext - Root WebApplicationContext: initialization completed in 926 ms
2020-11-14 14:44:43.638 [main] INFO  o.s.s.c.ThreadPoolTaskExecutor - Initializing ExecutorService 'applicationTaskExecutor'
2020-11-14 14:44:44.018 [main] INFO  o.a.coyote.http11.Http11NioProtocol - Starting ProtocolHandler ["http-nio-8003"]
2020-11-14 14:44:44.040 [main] INFO  o.s.b.w.e.tomcat.TomcatWebServer - Tomcat started on port(s): 8003 (http) with context path ''
2020-11-14 14:44:44.047 [main] INFO  com.soft1851.user.Application - Started Application in 2.045 seconds (JVM running for 2.918)
